{"/Users/jacklicatamacbook/Downloads/ai-slot-scout/hooks/useSlotScout.ts": {"path":"/Users/jacklicatamacbook/Downloads/ai-slot-scout/hooks/useSlotScout.ts","statementMap":{"0":{"start":{"line":1,"column":0},"end":{"line":1,"column":46}},"1":{"start":{"line":3,"column":0},"end":{"line":3,"column":55}},"2":{"start":{"line":6,"column":33},"end":{"line":39,"column":1}},"3":{"start":{"line":7,"column":31},"end":{"line":7,"column":33}},"4":{"start":{"line":8,"column":18},"end":{"line":8,"column":38}},"5":{"start":{"line":9,"column":37},"end":{"line":9,"column":41}},"6":{"start":{"line":11,"column":4},"end":{"line":37,"column":5}},"7":{"start":{"line":12,"column":26},"end":{"line":12,"column":65}},"8":{"start":{"line":13,"column":8},"end":{"line":19,"column":9}},"9":{"start":{"line":14,"column":12},"end":{"line":14,"column":39}},"10":{"start":{"line":15,"column":12},"end":{"line":17,"column":13}},"11":{"start":{"line":16,"column":16},"end":{"line":16,"column":40}},"12":{"start":{"line":18,"column":12},"end":{"line":18,"column":21}},"13":{"start":{"line":24,"column":8},"end":{"line":27,"column":9}},"14":{"start":{"line":25,"column":12},"end":{"line":25,"column":31}},"15":{"start":{"line":26,"column":12},"end":{"line":26,"column":21}},"16":{"start":{"line":29,"column":26},"end":{"line":29,"column":52}},"17":{"start":{"line":30,"column":8},"end":{"line":36,"column":9}},"18":{"start":{"line":31,"column":25},"end":{"line":31,"column":44}},"19":{"start":{"line":33,"column":12},"end":{"line":35,"column":13}},"20":{"start":{"line":34,"column":16},"end":{"line":34,"column":46}},"21":{"start":{"line":38,"column":4},"end":{"line":38,"column":17}},"22":{"start":{"line":6,"column":13},"end":{"line":6,"column":33}},"23":{"start":{"line":41,"column":28},"end":{"line":115,"column":1}},"24":{"start":{"line":42,"column":38},"end":{"line":42,"column":53}},"25":{"start":{"line":43,"column":30},"end":{"line":43,"column":59}},"26":{"start":{"line":44,"column":34},"end":{"line":44,"column":69}},"27":{"start":{"line":45,"column":48},"end":{"line":45,"column":60}},"28":{"start":{"line":47,"column":22},"end":{"line":92,"column":10}},"29":{"start":{"line":47,"column":74},"end":{"line":92,"column":7}},"30":{"start":{"line":48,"column":8},"end":{"line":48,"column":27}},"31":{"start":{"line":49,"column":8},"end":{"line":49,"column":23}},"32":{"start":{"line":50,"column":8},"end":{"line":50,"column":25}},"33":{"start":{"line":52,"column":8},"end":{"line":91,"column":9}},"34":{"start":{"line":53,"column":12},"end":{"line":53,"column":65}},"35":{"start":{"line":55,"column":32},"end":{"line":55,"column":70}},"36":{"start":{"line":57,"column":25},"end":{"line":61,"column":14}},"37":{"start":{"line":63,"column":12},"end":{"line":66,"column":13}},"38":{"start":{"line":64,"column":28},"end":{"line":64,"column":63}},"39":{"start":{"line":64,"column":59},"end":{"line":64,"column":61}},"40":{"start":{"line":65,"column":16},"end":{"line":65,"column":74}},"41":{"start":{"line":68,"column":38},"end":{"line":68,"column":55}},"42":{"start":{"line":70,"column":12},"end":{"line":83,"column":13}},"43":{"start":{"line":71,"column":16},"end":{"line":71,"column":31}},"44":{"start":{"line":73,"column":16},"end":{"line":73,"column":64}},"45":{"start":{"line":74,"column":33},"end":{"line":74,"column":59}},"46":{"start":{"line":76,"column":16},"end":{"line":82,"column":17}},"47":{"start":{"line":77,"column":20},"end":{"line":77,"column":35}},"48":{"start":{"line":79,"column":20},"end":{"line":79,"column":71}},"49":{"start":{"line":80,"column":41},"end":{"line":80,"column":73}},"50":{"start":{"line":81,"column":20},"end":{"line":81,"column":45}},"51":{"start":{"line":86,"column":12},"end":{"line":86,"column":29}},"52":{"start":{"line":87,"column":12},"end":{"line":87,"column":120}},"53":{"start":{"line":89,"column":12},"end":{"line":89,"column":32}},"54":{"start":{"line":90,"column":12},"end":{"line":90,"column":34}},"55":{"start":{"line":94,"column":29},"end":{"line":112,"column":10}},"56":{"start":{"line":94,"column":116},"end":{"line":112,"column":7}},"57":{"start":{"line":95,"column":8},"end":{"line":111,"column":9}},"58":{"start":{"line":96,"column":25},"end":{"line":100,"column":14}},"59":{"start":{"line":102,"column":12},"end":{"line":105,"column":13}},"60":{"start":{"line":103,"column":28},"end":{"line":103,"column":63}},"61":{"start":{"line":103,"column":59},"end":{"line":103,"column":61}},"62":{"start":{"line":104,"column":16},"end":{"line":104,"column":74}},"63":{"start":{"line":107,"column":29},"end":{"line":107,"column":46}},"64":{"start":{"line":108,"column":12},"end":{"line":108,"column":39}},"65":{"start":{"line":110,"column":12},"end":{"line":110,"column":85}},"66":{"start":{"line":114,"column":4},"end":{"line":114,"column":86}},"67":{"start":{"line":41,"column":13},"end":{"line":41,"column":28}}},"fnMap":{"0":{"name":"(anonymous_7)","decl":{"start":{"line":6,"column":33},"end":{"line":6,"column":34}},"loc":{"start":{"line":6,"column":67},"end":{"line":39,"column":1}}},"1":{"name":"(anonymous_8)","decl":{"start":{"line":41,"column":28},"end":{"line":41,"column":31}},"loc":{"start":{"line":41,"column":33},"end":{"line":115,"column":1}}},"2":{"name":"(anonymous_9)","decl":{"start":{"line":47,"column":34},"end":{"line":47,"column":41}},"loc":{"start":{"line":47,"column":74},"end":{"line":92,"column":7}}},"3":{"name":"(anonymous_10)","decl":{"start":{"line":47,"column":74},"end":{"line":47,"column":null}},"loc":{"start":{"line":47,"column":74},"end":{"line":92,"column":5}}},"4":{"name":"(anonymous_11)","decl":{"start":{"line":64,"column":52},"end":{"line":64,"column":55}},"loc":{"start":{"line":64,"column":59},"end":{"line":64,"column":61}}},"5":{"name":"(anonymous_12)","decl":{"start":{"line":94,"column":41},"end":{"line":94,"column":48}},"loc":{"start":{"line":94,"column":116},"end":{"line":112,"column":7}}},"6":{"name":"(anonymous_13)","decl":{"start":{"line":94,"column":116},"end":{"line":94,"column":null}},"loc":{"start":{"line":94,"column":116},"end":{"line":112,"column":5}}},"7":{"name":"(anonymous_14)","decl":{"start":{"line":103,"column":52},"end":{"line":103,"column":55}},"loc":{"start":{"line":103,"column":59},"end":{"line":103,"column":61}}}},"branchMap":{"0":{"loc":{"start":{"line":13,"column":8},"end":{"line":19,"column":9}},"type":"if","locations":[{"start":{"line":13,"column":8},"end":{"line":19,"column":9}}]},"1":{"loc":{"start":{"line":15,"column":12},"end":{"line":17,"column":13}},"type":"if","locations":[{"start":{"line":15,"column":12},"end":{"line":17,"column":13}}]},"2":{"loc":{"start":{"line":24,"column":8},"end":{"line":27,"column":9}},"type":"if","locations":[{"start":{"line":24,"column":8},"end":{"line":27,"column":9}}]},"3":{"loc":{"start":{"line":30,"column":8},"end":{"line":36,"column":9}},"type":"if","locations":[{"start":{"line":30,"column":8},"end":{"line":36,"column":9}}]},"4":{"loc":{"start":{"line":30,"column":12},"end":{"line":30,"column":36}},"type":"binary-expr","locations":[{"start":{"line":30,"column":12},"end":{"line":30,"column":21}},{"start":{"line":30,"column":25},"end":{"line":30,"column":36}}]},"5":{"loc":{"start":{"line":33,"column":12},"end":{"line":35,"column":13}},"type":"if","locations":[{"start":{"line":33,"column":12},"end":{"line":35,"column":13}}]},"6":{"loc":{"start":{"line":63,"column":12},"end":{"line":66,"column":13}},"type":"if","locations":[{"start":{"line":63,"column":12},"end":{"line":66,"column":13}}]},"7":{"loc":{"start":{"line":65,"column":32},"end":{"line":65,"column":72}},"type":"binary-expr","locations":[{"start":{"line":65,"column":32},"end":{"line":65,"column":42}},{"start":{"line":65,"column":46},"end":{"line":65,"column":72}}]},"8":{"loc":{"start":{"line":65,"column":32},"end":{"line":65,"column":42}},"type":"cond-expr","locations":[{"start":{"line":65,"column":35},"end":{"line":65,"column":37}},{"start":{"line":65,"column":32},"end":{"line":65,"column":42}}]},"9":{"loc":{"start":{"line":65,"column":32},"end":{"line":65,"column":37}},"type":"binary-expr","locations":[{"start":{"line":65,"column":32},"end":{"line":65,"column":37}},{"start":{"line":65,"column":32},"end":{"line":65,"column":37}}]},"10":{"loc":{"start":{"line":70,"column":12},"end":{"line":83,"column":13}},"type":"if","locations":[{"start":{"line":70,"column":12},"end":{"line":83,"column":13}},{"start":{"line":72,"column":19},"end":{"line":83,"column":13}}]},"11":{"loc":{"start":{"line":70,"column":16},"end":{"line":70,"column":73}},"type":"binary-expr","locations":[{"start":{"line":70,"column":16},"end":{"line":70,"column":24}},{"start":{"line":70,"column":28},"end":{"line":70,"column":73}}]},"12":{"loc":{"start":{"line":76,"column":16},"end":{"line":82,"column":17}},"type":"if","locations":[{"start":{"line":76,"column":16},"end":{"line":82,"column":17}},{"start":{"line":78,"column":23},"end":{"line":82,"column":17}}]},"13":{"loc":{"start":{"line":87,"column":21},"end":{"line":87,"column":118}},"type":"cond-expr","locations":[{"start":{"line":87,"column":42},"end":{"line":87,"column":51}},{"start":{"line":87,"column":54},"end":{"line":87,"column":118}}]},"14":{"loc":{"start":{"line":102,"column":12},"end":{"line":105,"column":13}},"type":"if","locations":[{"start":{"line":102,"column":12},"end":{"line":105,"column":13}}]},"15":{"loc":{"start":{"line":104,"column":32},"end":{"line":104,"column":72}},"type":"binary-expr","locations":[{"start":{"line":104,"column":32},"end":{"line":104,"column":42}},{"start":{"line":104,"column":46},"end":{"line":104,"column":72}}]},"16":{"loc":{"start":{"line":104,"column":32},"end":{"line":104,"column":42}},"type":"cond-expr","locations":[{"start":{"line":104,"column":35},"end":{"line":104,"column":37}},{"start":{"line":104,"column":32},"end":{"line":104,"column":42}}]},"17":{"loc":{"start":{"line":104,"column":32},"end":{"line":104,"column":37}},"type":"binary-expr","locations":[{"start":{"line":104,"column":32},"end":{"line":104,"column":37}},{"start":{"line":104,"column":32},"end":{"line":104,"column":37}}]},"18":{"loc":{"start":{"line":108,"column":20},"end":{"line":108,"column":30}},"type":"binary-expr","locations":[{"start":{"line":108,"column":20},"end":{"line":108,"column":24}},{"start":{"line":108,"column":28},"end":{"line":108,"column":30}}]},"19":{"loc":{"start":{"line":110,"column":18},"end":{"line":110,"column":84}},"type":"cond-expr","locations":[{"start":{"line":110,"column":39},"end":{"line":110,"column":40}},{"start":{"line":110,"column":43},"end":{"line":110,"column":84}}]}},"s":{"0":1,"1":1,"2":1,"3":2,"4":2,"5":2,"6":2,"7":11,"8":11,"9":3,"10":3,"11":3,"12":3,"13":8,"14":1,"15":1,"16":7,"17":7,"18":5,"19":5,"20":4,"21":2,"22":1,"23":1,"24":0,"25":0,"26":0,"27":0,"28":0,"29":0,"30":0,"31":0,"32":0,"33":0,"34":0,"35":0,"36":0,"37":0,"38":0,"39":0,"40":0,"41":0,"42":0,"43":0,"44":0,"45":0,"46":0,"47":0,"48":0,"49":0,"50":0,"51":0,"52":0,"53":0,"54":0,"55":0,"56":0,"57":0,"58":0,"59":0,"60":0,"61":0,"62":0,"63":0,"64":0,"65":0,"66":0,"67":1},"f":{"0":2,"1":0,"2":0,"3":0,"4":0,"5":0,"6":0,"7":0},"b":{"0":[3],"1":[3],"2":[1],"3":[5],"4":[7,6],"5":[4],"6":[0],"7":[0,0],"8":[0,0],"9":[0,0],"10":[0,0],"11":[0,0],"12":[0,0],"13":[0,0],"14":[0],"15":[0,0],"16":[0,0],"17":[0,0],"18":[0,0],"19":[0,0]}}
,"/Users/jacklicatamacbook/Downloads/ai-slot-scout/utils/time.ts": {"path":"/Users/jacklicatamacbook/Downloads/ai-slot-scout/utils/time.ts","statementMap":{"0":{"start":{"line":3,"column":0},"end":{"line":3,"column":16}},"1":{"start":{"line":21,"column":0},"end":{"line":21,"column":16}},"2":{"start":{"line":27,"column":0},"end":{"line":27,"column":16}},"3":{"start":{"line":4,"column":16},"end":{"line":4,"column":75}},"4":{"start":{"line":5,"column":2},"end":{"line":5,"column":26}},"5":{"start":{"line":5,"column":14},"end":{"line":5,"column":26}},"6":{"start":{"line":7,"column":13},"end":{"line":7,"column":35}},"7":{"start":{"line":8,"column":17},"end":{"line":8,"column":54}},"8":{"start":{"line":9,"column":19},"end":{"line":9,"column":41}},"9":{"start":{"line":11,"column":2},"end":{"line":13,"column":3}},"10":{"start":{"line":12,"column":4},"end":{"line":12,"column":15}},"11":{"start":{"line":14,"column":2},"end":{"line":16,"column":3}},"12":{"start":{"line":15,"column":4},"end":{"line":15,"column":13}},"13":{"start":{"line":18,"column":2},"end":{"line":18,"column":26}},"14":{"start":{"line":22,"column":17},"end":{"line":22,"column":34}},"15":{"start":{"line":23,"column":2},"end":{"line":23,"column":27}},"16":{"start":{"line":23,"column":15},"end":{"line":23,"column":27}},"17":{"start":{"line":24,"column":2},"end":{"line":24,"column":42}},"18":{"start":{"line":28,"column":16},"end":{"line":28,"column":47}},"19":{"start":{"line":29,"column":52},"end":{"line":29,"column":54}},"20":{"start":{"line":30,"column":19},"end":{"line":30,"column":20}},"21":{"start":{"line":31,"column":18},"end":{"line":31,"column":19}},"22":{"start":{"line":32,"column":20},"end":{"line":32,"column":21}},"23":{"start":{"line":34,"column":2},"end":{"line":58,"column":3}},"24":{"start":{"line":35,"column":4},"end":{"line":35,"column":37}},"25":{"start":{"line":35,"column":31},"end":{"line":35,"column":37}},"26":{"start":{"line":37,"column":18},"end":{"line":37,"column":65}},"27":{"start":{"line":38,"column":4},"end":{"line":38,"column":37}},"28":{"start":{"line":38,"column":28},"end":{"line":38,"column":37}},"29":{"start":{"line":40,"column":24},"end":{"line":43,"column":34}},"30":{"start":{"line":41,"column":19},"end":{"line":41,"column":45}},"31":{"start":{"line":42,"column":21},"end":{"line":42,"column":33}},"32":{"start":{"line":43,"column":22},"end":{"line":43,"column":33}},"33":{"start":{"line":45,"column":4},"end":{"line":45,"column":43}},"34":{"start":{"line":45,"column":34},"end":{"line":45,"column":43}},"35":{"start":{"line":48,"column":4},"end":{"line":54,"column":5}},"36":{"start":{"line":49,"column":6},"end":{"line":49,"column":48}},"37":{"start":{"line":49,"column":43},"end":{"line":49,"column":46}},"38":{"start":{"line":51,"column":23},"end":{"line":51,"column":39}},"39":{"start":{"line":52,"column":21},"end":{"line":52,"column":58}},"40":{"start":{"line":53,"column":6},"end":{"line":53,"column":39}},"41":{"start":{"line":56,"column":4},"end":{"line":56,"column":36}},"42":{"start":{"line":57,"column":4},"end":{"line":57,"column":20}},"43":{"start":{"line":60,"column":2},"end":{"line":60,"column":18}}},"fnMap":{"0":{"name":"parseTimeTo24h","decl":{"start":{"line":3,"column":16},"end":{"line":3,"column":30}},"loc":{"start":{"line":3,"column":46},"end":{"line":19,"column":1}}},"1":{"name":"timeToMinutes","decl":{"start":{"line":21,"column":16},"end":{"line":21,"column":29}},"loc":{"start":{"line":21,"column":39},"end":{"line":25,"column":1}}},"2":{"name":"selectSpreadOutCadence","decl":{"start":{"line":27,"column":16},"end":{"line":27,"column":38}},"loc":{"start":{"line":27,"column":83},"end":{"line":61,"column":1}}},"3":{"name":"(anonymous_3)","decl":{"start":{"line":41,"column":11},"end":{"line":41,"column":12}},"loc":{"start":{"line":41,"column":19},"end":{"line":41,"column":45}}},"4":{"name":"(anonymous_4)","decl":{"start":{"line":42,"column":14},"end":{"line":42,"column":15}},"loc":{"start":{"line":42,"column":21},"end":{"line":42,"column":33}}},"5":{"name":"(anonymous_5)","decl":{"start":{"line":43,"column":12},"end":{"line":43,"column":13}},"loc":{"start":{"line":43,"column":22},"end":{"line":43,"column":33}}},"6":{"name":"(anonymous_6)","decl":{"start":{"line":49,"column":36},"end":{"line":49,"column":37}},"loc":{"start":{"line":49,"column":43},"end":{"line":49,"column":46}}}},"branchMap":{"0":{"loc":{"start":{"line":5,"column":2},"end":{"line":5,"column":26}},"type":"if","locations":[{"start":{"line":5,"column":2},"end":{"line":5,"column":26}}]},"1":{"loc":{"start":{"line":8,"column":17},"end":{"line":8,"column":54}},"type":"cond-expr","locations":[{"start":{"line":8,"column":28},"end":{"line":8,"column":50}},{"start":{"line":8,"column":53},"end":{"line":8,"column":54}}]},"2":{"loc":{"start":{"line":11,"column":2},"end":{"line":13,"column":3}},"type":"if","locations":[{"start":{"line":11,"column":2},"end":{"line":13,"column":3}}]},"3":{"loc":{"start":{"line":11,"column":6},"end":{"line":11,"column":38}},"type":"binary-expr","locations":[{"start":{"line":11,"column":6},"end":{"line":11,"column":23}},{"start":{"line":11,"column":27},"end":{"line":11,"column":38}}]},"4":{"loc":{"start":{"line":14,"column":2},"end":{"line":16,"column":3}},"type":"if","locations":[{"start":{"line":14,"column":2},"end":{"line":16,"column":3}}]},"5":{"loc":{"start":{"line":14,"column":6},"end":{"line":14,"column":38}},"type":"binary-expr","locations":[{"start":{"line":14,"column":6},"end":{"line":14,"column":23}},{"start":{"line":14,"column":27},"end":{"line":14,"column":38}}]},"6":{"loc":{"start":{"line":23,"column":2},"end":{"line":23,"column":27}},"type":"if","locations":[{"start":{"line":23,"column":2},"end":{"line":23,"column":27}}]},"7":{"loc":{"start":{"line":35,"column":4},"end":{"line":35,"column":37}},"type":"if","locations":[{"start":{"line":35,"column":4},"end":{"line":35,"column":37}}]},"8":{"loc":{"start":{"line":37,"column":37},"end":{"line":37,"column":63}},"type":"binary-expr","locations":[{"start":{"line":37,"column":37},"end":{"line":37,"column":57}},{"start":{"line":37,"column":61},"end":{"line":37,"column":63}}]},"9":{"loc":{"start":{"line":38,"column":4},"end":{"line":38,"column":37}},"type":"if","locations":[{"start":{"line":38,"column":4},"end":{"line":38,"column":37}}]},"10":{"loc":{"start":{"line":45,"column":4},"end":{"line":45,"column":43}},"type":"if","locations":[{"start":{"line":45,"column":4},"end":{"line":45,"column":43}}]},"11":{"loc":{"start":{"line":48,"column":4},"end":{"line":54,"column":5}},"type":"if","locations":[{"start":{"line":48,"column":4},"end":{"line":54,"column":5}},{"start":{"line":50,"column":11},"end":{"line":54,"column":5}}]}},"s":{"0":2,"1":2,"2":2,"3":13,"4":13,"5":0,"6":13,"7":13,"8":13,"9":13,"10":5,"11":13,"12":2,"13":13,"14":9,"15":9,"16":0,"17":9,"18":1,"19":1,"20":1,"21":1,"22":1,"23":1,"24":4,"25":1,"26":3,"27":3,"28":0,"29":3,"30":7,"31":7,"32":4,"33":3,"34":0,"35":3,"36":1,"37":1,"38":2,"39":2,"40":2,"41":3,"42":3,"43":1},"f":{"0":13,"1":9,"2":1,"3":7,"4":7,"5":4,"6":1},"b":{"0":[0],"1":[13,0],"2":[5],"3":[13,6],"4":[2],"5":[13,7],"6":[0],"7":[1],"8":[3,0],"9":[0],"10":[0],"11":[1,2]}}
}
