TN:
SF:hooks/useSlotScout.ts
FN:6,(anonymous_7)
FN:41,(anonymous_8)
FN:47,(anonymous_9)
FN:47,(anonymous_10)
FN:64,(anonymous_11)
FN:94,(anonymous_12)
FN:94,(anonymous_13)
FN:103,(anonymous_14)
FNF:8
FNH:1
FNDA:2,(anonymous_7)
FNDA:0,(anonymous_8)
FNDA:0,(anonymous_9)
FNDA:0,(anonymous_10)
FNDA:0,(anonymous_11)
FNDA:0,(anonymous_12)
FNDA:0,(anonymous_13)
FNDA:0,(anonymous_14)
DA:1,1
DA:3,1
DA:6,1
DA:7,2
DA:8,2
DA:9,2
DA:11,2
DA:12,11
DA:13,11
DA:14,3
DA:15,3
DA:16,3
DA:18,3
DA:24,8
DA:25,1
DA:26,1
DA:29,7
DA:30,7
DA:31,5
DA:33,5
DA:34,4
DA:38,2
DA:41,1
DA:42,0
DA:43,0
DA:44,0
DA:45,0
DA:47,0
DA:48,0
DA:49,0
DA:50,0
DA:52,0
DA:53,0
DA:55,0
DA:57,0
DA:63,0
DA:64,0
DA:65,0
DA:68,0
DA:70,0
DA:71,0
DA:73,0
DA:74,0
DA:76,0
DA:77,0
DA:79,0
DA:80,0
DA:81,0
DA:86,0
DA:87,0
DA:89,0
DA:90,0
DA:94,0
DA:95,0
DA:96,0
DA:102,0
DA:103,0
DA:104,0
DA:107,0
DA:108,0
DA:110,0
DA:114,0
LF:62
LH:23
BRDA:13,0,0,3
BRDA:15,1,0,3
BRDA:24,2,0,1
BRDA:30,3,0,5
BRDA:30,4,0,7
BRDA:30,4,1,6
BRDA:33,5,0,4
BRDA:63,6,0,0
BRDA:65,7,0,0
BRDA:65,7,1,0
BRDA:65,8,0,0
BRDA:65,8,1,0
BRDA:65,9,0,0
BRDA:65,9,1,0
BRDA:70,10,0,0
BRDA:70,10,1,0
BRDA:70,11,0,0
BRDA:70,11,1,0
BRDA:76,12,0,0
BRDA:76,12,1,0
BRDA:87,13,0,0
BRDA:87,13,1,0
BRDA:102,14,0,0
BRDA:104,15,0,0
BRDA:104,15,1,0
BRDA:104,16,0,0
BRDA:104,16,1,0
BRDA:104,17,0,0
BRDA:104,17,1,0
BRDA:108,18,0,0
BRDA:108,18,1,0
BRDA:110,19,0,0
BRDA:110,19,1,0
BRF:33
BRH:7
end_of_record
TN:
SF:utils/time.ts
FN:3,parseTimeTo24h
FN:21,timeToMinutes
FN:27,selectSpreadOutCadence
FN:41,(anonymous_3)
FN:42,(anonymous_4)
FN:43,(anonymous_5)
FN:49,(anonymous_6)
FNF:7
FNH:7
FNDA:13,parseTimeTo24h
FNDA:9,timeToMinutes
FNDA:1,selectSpreadOutCadence
FNDA:7,(anonymous_3)
FNDA:7,(anonymous_4)
FNDA:4,(anonymous_5)
FNDA:1,(anonymous_6)
DA:3,2
DA:4,13
DA:5,13
DA:7,13
DA:8,13
DA:9,13
DA:11,13
DA:12,5
DA:14,13
DA:15,2
DA:18,13
DA:21,2
DA:22,9
DA:23,9
DA:24,9
DA:27,2
DA:28,1
DA:29,1
DA:30,1
DA:31,1
DA:32,1
DA:34,1
DA:35,4
DA:37,3
DA:38,3
DA:40,3
DA:41,7
DA:42,7
DA:43,4
DA:45,3
DA:48,3
DA:49,1
DA:51,2
DA:52,2
DA:53,2
DA:56,3
DA:57,3
DA:60,1
LF:38
LH:38
BRDA:5,0,0,0
BRDA:8,1,0,13
BRDA:8,1,1,0
BRDA:11,2,0,5
BRDA:11,3,0,13
BRDA:11,3,1,6
BRDA:14,4,0,2
BRDA:14,5,0,13
BRDA:14,5,1,7
BRDA:23,6,0,0
BRDA:35,7,0,1
BRDA:37,8,0,3
BRDA:37,8,1,0
BRDA:38,9,0,0
BRDA:45,10,0,0
BRDA:48,11,0,1
BRDA:48,11,1,2
BRF:17
BRH:11
end_of_record
